<?xml version="1.0" encoding="UTF-8"?>
<!-- Generated by org.testng.reporters.JUnitReportReporter -->
<testsuite hostname="NeeluLenovo" failures="0" tests="2" name="variousConcepts.LearnTestNG" time="10.710" errors="0" timestamp="2022-06-29T12:55:00 CDT" skipped="0">
  <testcase classname="variousConcepts.LearnTestNG" name="loginTest" time="2.499"/>
  <system-out/>
  <testcase classname="variousConcepts.LearnTestNG" name="addCustomer" time="8.211"/>
  <system-out/>
</testsuite> <!-- variousConcepts.LearnTestNG -->
